<?xml version="1.0" encoding="UTF-8"?>
<!-- Generated by org.testng.reporters.JUnitXMLReporter -->
<testsuite hostname="Ayan" ignored="0" name="Test1" tests="1" failures="1" timestamp="16 Mar 2019 20:50:57 GMT" time="0.046" errors="0">
  <testcase name="test" time="0.0" classname="demo.TestNGParametersDemo">
    <failure type="org.testng.TestNGException" message="
Parameter &amp;apos;myName&amp;apos; is required by @Test on method test but has not been marked @Optional or defined
in C:\Users\Ayan\eclipse-workspace\SeleniumJavaFramework\testng5.xml">
      <![CDATA[org.testng.TestNGException: 
Parameter 'myName' is required by @Test on method test but has not been marked @Optional or defined
in C:\Users\Ayan\eclipse-workspace\SeleniumJavaFramework\testng5.xml
... Removed 24 stack frames]]>
    </failure>
  </testcase> <!-- test -->
</testsuite> <!-- Test1 -->
